{"./src/web/kendo.backbone.collection.js":{"path":"./src/web/kendo.backbone.collection.js","s":{"1":1,"2":1,"3":1,"4":0,"5":0,"6":0,"7":0,"8":0,"9":0,"10":0,"11":0,"12":0,"13":0,"14":0,"15":0,"16":0,"17":1},"b":{"1":[0,0],"2":[0,0]},"f":{"1":1,"2":0,"3":0,"4":0},"fnMap":{"1":{"name":"(anonymous_1)","line":5,"loc":{"start":{"line":5,"column":1},"end":{"line":5,"column":13}}},"2":{"name":"wrapBackboneCollection","line":10,"loc":{"start":{"line":10,"column":2},"end":{"line":10,"column":41}}},"3":{"name":"(anonymous_3)","line":12,"loc":{"start":{"line":12,"column":12},"end":{"line":12,"column":33}}},"4":{"name":"(anonymous_4)","line":18,"loc":{"start":{"line":18,"column":14},"end":{"line":18,"column":39}}}},"statementMap":{"1":{"start":{"line":5,"column":0},"end":{"line":43,"column":5}},"2":{"start":{"line":7,"column":2},"end":{"line":8,"column":47}},"3":{"start":{"line":10,"column":2},"end":{"line":40,"column":3}},"4":{"start":{"line":11,"column":4},"end":{"line":39,"column":7}},"5":{"start":{"line":13,"column":8},"end":{"line":13,"column":69}},"6":{"start":{"line":15,"column":8},"end":{"line":15,"column":37}},"7":{"start":{"line":19,"column":8},"end":{"line":19,"column":53}},"8":{"start":{"line":21,"column":8},"end":{"line":21,"column":65}},"9":{"start":{"line":23,"column":8},"end":{"line":23,"column":87}},"10":{"start":{"line":25,"column":8},"end":{"line":29,"column":9}},"11":{"start":{"line":26,"column":10},"end":{"line":28,"column":11}},"12":{"start":{"line":27,"column":12},"end":{"line":27,"column":63}},"13":{"start":{"line":31,"column":8},"end":{"line":35,"column":9}},"14":{"start":{"line":32,"column":10},"end":{"line":34,"column":11}},"15":{"start":{"line":33,"column":12},"end":{"line":33,"column":65}},"16":{"start":{"line":37,"column":8},"end":{"line":37,"column":28}},"17":{"start":{"line":42,"column":2},"end":{"line":42,"column":52}}},"branchMap":{"1":{"line":25,"type":"if","locations":[{"start":{"line":25,"column":8},"end":{"line":25,"column":8}},{"start":{"line":25,"column":8},"end":{"line":25,"column":8}}]},"2":{"line":31,"type":"if","locations":[{"start":{"line":31,"column":8},"end":{"line":31,"column":8}},{"start":{"line":31,"column":8},"end":{"line":31,"column":8}}]}}},"./src/web/kendo.backbone.datasource.js":{"path":"./src/web/kendo.backbone.datasource.js","s":{"1":1,"2":1,"3":1,"4":1,"5":12,"6":1,"7":9,"8":9,"9":9,"10":3,"11":1,"12":1,"13":1,"14":1,"15":1,"16":1,"17":1,"18":12,"19":12,"20":12,"21":1,"22":9,"23":9,"24":6,"25":6,"26":6,"27":9,"28":3,"29":3,"30":3,"31":3,"32":1,"33":12,"34":12,"35":12,"36":12,"37":12,"38":12,"39":1,"40":12,"41":12,"42":12,"43":12,"44":1,"45":12,"46":12,"47":0},"b":{"1":[1,1],"2":[6,3],"3":[3,6],"4":[12,0],"5":[12,0],"6":[0,0]},"f":{"1":1,"2":12,"3":9,"4":3,"5":1,"6":1,"7":12,"8":9,"9":9,"10":12,"11":12,"12":12},"fnMap":{"1":{"name":"(anonymous_1)","line":15,"loc":{"start":{"line":15,"column":1},"end":{"line":15,"column":23}}},"2":{"name":"(anonymous_2)","line":26,"loc":{"start":{"line":26,"column":26},"end":{"line":26,"column":43}}},"3":{"name":"(anonymous_3)","line":33,"loc":{"start":{"line":33,"column":12},"end":{"line":33,"column":30}}},"4":{"name":"(anonymous_4)","line":43,"loc":{"start":{"line":43,"column":10},"end":{"line":43,"column":28}}},"5":{"name":"(anonymous_5)","line":47,"loc":{"start":{"line":47,"column":12},"end":{"line":47,"column":30}}},"6":{"name":"(anonymous_6)","line":58,"loc":{"start":{"line":58,"column":13},"end":{"line":58,"column":31}}},"7":{"name":"(anonymous_7)","line":76,"loc":{"start":{"line":76,"column":26},"end":{"line":76,"column":58}}},"8":{"name":"(anonymous_8)","line":84,"loc":{"start":{"line":84,"column":9},"end":{"line":84,"column":19}}},"9":{"name":"(anonymous_9)","line":95,"loc":{"start":{"line":95,"column":22},"end":{"line":95,"column":37}}},"10":{"name":"(anonymous_10)","line":114,"loc":{"start":{"line":114,"column":10},"end":{"line":114,"column":28}}},"11":{"name":"setupDefaultSchema","line":129,"loc":{"start":{"line":129,"column":2},"end":{"line":129,"column":49}}},"12":{"name":"getPrototypeOf","line":148,"loc":{"start":{"line":148,"column":2},"end":{"line":148,"column":33}}}},"statementMap":{"1":{"start":{"line":15,"column":0},"end":{"line":156,"column":16}},"2":{"start":{"line":16,"column":2},"end":{"line":16,"column":15}},"3":{"start":{"line":19,"column":2},"end":{"line":19,"column":40}},"4":{"start":{"line":26,"column":2},"end":{"line":28,"column":4}},"5":{"start":{"line":27,"column":4},"end":{"line":27,"column":27}},"6":{"start":{"line":31,"column":2},"end":{"line":68,"column":5}},"7":{"start":{"line":34,"column":6},"end":{"line":34,"column":30}},"8":{"start":{"line":37,"column":6},"end":{"line":37,"column":29}},"9":{"start":{"line":40,"column":6},"end":{"line":40,"column":28}},"10":{"start":{"line":44,"column":6},"end":{"line":44,"column":56}},"11":{"start":{"line":49,"column":6},"end":{"line":49,"column":63}},"12":{"start":{"line":52,"column":6},"end":{"line":52,"column":30}},"13":{"start":{"line":55,"column":6},"end":{"line":55,"column":36}},"14":{"start":{"line":60,"column":6},"end":{"line":60,"column":63}},"15":{"start":{"line":63,"column":6},"end":{"line":63,"column":44}},"16":{"start":{"line":66,"column":6},"end":{"line":66,"column":36}},"17":{"start":{"line":76,"column":2},"end":{"line":81,"column":4}},"18":{"start":{"line":77,"column":4},"end":{"line":77,"column":33}},"19":{"start":{"line":78,"column":4},"end":{"line":78,"column":33}},"20":{"start":{"line":80,"column":4},"end":{"line":80,"column":65}},"21":{"start":{"line":83,"column":2},"end":{"line":106,"column":5}},"22":{"start":{"line":85,"column":6},"end":{"line":85,"column":55}},"23":{"start":{"line":88,"column":6},"end":{"line":92,"column":7}},"24":{"start":{"line":89,"column":8},"end":{"line":89,"column":30}},"25":{"start":{"line":90,"column":8},"end":{"line":90,"column":57}},"26":{"start":{"line":91,"column":8},"end":{"line":91,"column":31}},"27":{"start":{"line":97,"column":6},"end":{"line":104,"column":7}},"28":{"start":{"line":98,"column":8},"end":{"line":98,"column":31}},"29":{"start":{"line":100,"column":8},"end":{"line":100,"column":34}},"30":{"start":{"line":101,"column":8},"end":{"line":101,"column":34}},"31":{"start":{"line":103,"column":8},"end":{"line":103,"column":32}},"32":{"start":{"line":113,"column":2},"end":{"line":126,"column":5}},"33":{"start":{"line":115,"column":6},"end":{"line":115,"column":42}},"34":{"start":{"line":116,"column":6},"end":{"line":116,"column":60}},"35":{"start":{"line":119,"column":6},"end":{"line":119,"column":51}},"36":{"start":{"line":120,"column":6},"end":{"line":120,"column":50}},"37":{"start":{"line":123,"column":6},"end":{"line":123,"column":56}},"38":{"start":{"line":124,"column":6},"end":{"line":124,"column":63}},"39":{"start":{"line":129,"column":2},"end":{"line":144,"column":3}},"40":{"start":{"line":134,"column":4},"end":{"line":134,"column":39}},"41":{"start":{"line":135,"column":4},"end":{"line":135,"column":45}},"42":{"start":{"line":139,"column":4},"end":{"line":141,"column":7}},"43":{"start":{"line":143,"column":4},"end":{"line":143,"column":18}},"44":{"start":{"line":148,"column":2},"end":{"line":154,"column":3}},"45":{"start":{"line":149,"column":4},"end":{"line":153,"column":5}},"46":{"start":{"line":150,"column":6},"end":{"line":150,"column":43}},"47":{"start":{"line":152,"column":6},"end":{"line":152,"column":62}}},"branchMap":{"1":{"line":19,"type":"binary-expr","locations":[{"start":{"line":19,"column":19},"end":{"line":19,"column":33}},{"start":{"line":19,"column":37},"end":{"line":19,"column":39}}]},"2":{"line":88,"type":"if","locations":[{"start":{"line":88,"column":6},"end":{"line":88,"column":6}},{"start":{"line":88,"column":6},"end":{"line":88,"column":6}}]},"3":{"line":97,"type":"if","locations":[{"start":{"line":97,"column":6},"end":{"line":97,"column":6}},{"start":{"line":97,"column":6},"end":{"line":97,"column":6}}]},"4":{"line":140,"type":"binary-expr","locations":[{"start":{"line":140,"column":10},"end":{"line":140,"column":64}},{"start":{"line":140,"column":68},"end":{"line":140,"column":72}}]},"5":{"line":149,"type":"if","locations":[{"start":{"line":149,"column":4},"end":{"line":149,"column":4}},{"start":{"line":149,"column":4},"end":{"line":149,"column":4}}]},"6":{"line":152,"type":"binary-expr","locations":[{"start":{"line":152,"column":13},"end":{"line":152,"column":29}},{"start":{"line":152,"column":33},"end":{"line":152,"column":61}}]}}},"./src/web/kendo.backbone.model.js":{"path":"./src/web/kendo.backbone.model.js","s":{"1":1,"2":1,"3":1,"4":0,"5":0,"6":0,"7":0,"8":0,"9":0,"10":0,"11":1},"b":{"1":[0,0]},"f":{"1":1,"2":0,"3":0,"4":0},"fnMap":{"1":{"name":"(anonymous_1)","line":5,"loc":{"start":{"line":5,"column":1},"end":{"line":5,"column":13}}},"2":{"name":"wrapBackboneModel","line":8,"loc":{"start":{"line":8,"column":2},"end":{"line":8,"column":52}}},"3":{"name":"(anonymous_3)","line":11,"loc":{"start":{"line":11,"column":12},"end":{"line":11,"column":28}}},"4":{"name":"(anonymous_4)","line":19,"loc":{"start":{"line":19,"column":11},"end":{"line":19,"column":34}}}},"statementMap":{"1":{"start":{"line":5,"column":0},"end":{"line":28,"column":5}},"2":{"start":{"line":6,"column":2},"end":{"line":6,"column":31}},"3":{"start":{"line":8,"column":2},"end":{"line":25,"column":3}},"4":{"start":{"line":9,"column":4},"end":{"line":24,"column":7}},"5":{"start":{"line":12,"column":8},"end":{"line":14,"column":9}},"6":{"start":{"line":13,"column":10},"end":{"line":13,"column":43}},"7":{"start":{"line":16,"column":8},"end":{"line":16,"column":49}},"8":{"start":{"line":17,"column":8},"end":{"line":17,"column":30}},"9":{"start":{"line":20,"column":8},"end":{"line":20,"column":46}},"10":{"start":{"line":22,"column":8},"end":{"line":22,"column":40}},"11":{"start":{"line":27,"column":2},"end":{"line":27,"column":42}}},"branchMap":{"1":{"line":12,"type":"if","locations":[{"start":{"line":12,"column":8},"end":{"line":12,"column":8}},{"start":{"line":12,"column":8},"end":{"line":12,"column":8}}]}}}}