{"./src/web/kendo.backbone.collection.js":{"path":"./src/web/kendo.backbone.collection.js","s":{"1":1,"2":1,"3":1,"4":0,"5":0,"6":0,"7":0,"8":0,"9":0,"10":0,"11":0,"12":0,"13":0,"14":0,"15":0,"16":0,"17":1},"b":{"1":[0,0],"2":[0,0]},"f":{"1":1,"2":0,"3":0,"4":0},"fnMap":{"1":{"name":"(anonymous_1)","line":5,"loc":{"start":{"line":5,"column":1},"end":{"line":5,"column":13}}},"2":{"name":"wrapBackboneCollection","line":10,"loc":{"start":{"line":10,"column":2},"end":{"line":10,"column":41}}},"3":{"name":"(anonymous_3)","line":12,"loc":{"start":{"line":12,"column":12},"end":{"line":12,"column":33}}},"4":{"name":"(anonymous_4)","line":18,"loc":{"start":{"line":18,"column":14},"end":{"line":18,"column":39}}}},"statementMap":{"1":{"start":{"line":5,"column":0},"end":{"line":43,"column":5}},"2":{"start":{"line":7,"column":2},"end":{"line":8,"column":47}},"3":{"start":{"line":10,"column":2},"end":{"line":40,"column":3}},"4":{"start":{"line":11,"column":4},"end":{"line":39,"column":7}},"5":{"start":{"line":13,"column":8},"end":{"line":13,"column":69}},"6":{"start":{"line":15,"column":8},"end":{"line":15,"column":37}},"7":{"start":{"line":19,"column":8},"end":{"line":19,"column":53}},"8":{"start":{"line":21,"column":8},"end":{"line":21,"column":65}},"9":{"start":{"line":23,"column":8},"end":{"line":23,"column":87}},"10":{"start":{"line":25,"column":8},"end":{"line":29,"column":9}},"11":{"start":{"line":26,"column":10},"end":{"line":28,"column":11}},"12":{"start":{"line":27,"column":12},"end":{"line":27,"column":63}},"13":{"start":{"line":31,"column":8},"end":{"line":35,"column":9}},"14":{"start":{"line":32,"column":10},"end":{"line":34,"column":11}},"15":{"start":{"line":33,"column":12},"end":{"line":33,"column":65}},"16":{"start":{"line":37,"column":8},"end":{"line":37,"column":28}},"17":{"start":{"line":42,"column":2},"end":{"line":42,"column":52}}},"branchMap":{"1":{"line":25,"type":"if","locations":[{"start":{"line":25,"column":8},"end":{"line":25,"column":8}},{"start":{"line":25,"column":8},"end":{"line":25,"column":8}}]},"2":{"line":31,"type":"if","locations":[{"start":{"line":31,"column":8},"end":{"line":31,"column":8}},{"start":{"line":31,"column":8},"end":{"line":31,"column":8}}]}}},"./src/web/kendo.backbone.datasource.js":{"path":"./src/web/kendo.backbone.datasource.js","s":{"1":1,"2":1,"3":1,"4":1,"5":0,"6":1,"7":0,"8":0,"9":0,"10":0,"11":0,"12":0,"13":0,"14":0,"15":0,"16":0,"17":0,"18":0,"19":0,"20":0,"21":1,"22":0,"23":0,"24":0},"b":{"1":[1,1],"2":[0,0]},"f":{"1":1,"2":0,"3":0,"4":0,"5":0,"6":0,"7":0},"fnMap":{"1":{"name":"(anonymous_1)","line":15,"loc":{"start":{"line":15,"column":1},"end":{"line":15,"column":23}}},"2":{"name":"(anonymous_2)","line":26,"loc":{"start":{"line":26,"column":26},"end":{"line":26,"column":46}}},"3":{"name":"(anonymous_3)","line":33,"loc":{"start":{"line":33,"column":12},"end":{"line":33,"column":30}}},"4":{"name":"(anonymous_4)","line":49,"loc":{"start":{"line":49,"column":10},"end":{"line":49,"column":28}}},"5":{"name":"(anonymous_5)","line":53,"loc":{"start":{"line":53,"column":12},"end":{"line":53,"column":30}}},"6":{"name":"(anonymous_6)","line":64,"loc":{"start":{"line":64,"column":13},"end":{"line":64,"column":31}}},"7":{"name":"(anonymous_7)","line":82,"loc":{"start":{"line":82,"column":10},"end":{"line":82,"column":28}}}},"statementMap":{"1":{"start":{"line":15,"column":0},"end":{"line":90,"column":16}},"2":{"start":{"line":16,"column":2},"end":{"line":16,"column":15}},"3":{"start":{"line":19,"column":2},"end":{"line":19,"column":40}},"4":{"start":{"line":26,"column":2},"end":{"line":28,"column":4}},"5":{"start":{"line":27,"column":4},"end":{"line":27,"column":34}},"6":{"start":{"line":31,"column":2},"end":{"line":74,"column":5}},"7":{"start":{"line":35,"column":6},"end":{"line":35,"column":74}},"8":{"start":{"line":35,"column":30},"end":{"line":35,"column":72}},"9":{"start":{"line":36,"column":6},"end":{"line":36,"column":27}},"10":{"start":{"line":39,"column":6},"end":{"line":39,"column":30}},"11":{"start":{"line":40,"column":6},"end":{"line":40,"column":32}},"12":{"start":{"line":43,"column":6},"end":{"line":43,"column":33}},"13":{"start":{"line":46,"column":6},"end":{"line":46,"column":28}},"14":{"start":{"line":50,"column":6},"end":{"line":50,"column":49}},"15":{"start":{"line":55,"column":6},"end":{"line":55,"column":56}},"16":{"start":{"line":58,"column":6},"end":{"line":58,"column":30}},"17":{"start":{"line":61,"column":6},"end":{"line":61,"column":36}},"18":{"start":{"line":66,"column":6},"end":{"line":66,"column":56}},"19":{"start":{"line":69,"column":6},"end":{"line":69,"column":37}},"20":{"start":{"line":72,"column":6},"end":{"line":72,"column":36}},"21":{"start":{"line":81,"column":2},"end":{"line":88,"column":5}},"22":{"start":{"line":83,"column":6},"end":{"line":83,"column":62}},"23":{"start":{"line":84,"column":6},"end":{"line":84,"column":64}},"24":{"start":{"line":86,"column":6},"end":{"line":86,"column":56}}},"branchMap":{"1":{"line":19,"type":"binary-expr","locations":[{"start":{"line":19,"column":19},"end":{"line":19,"column":33}},{"start":{"line":19,"column":37},"end":{"line":19,"column":39}}]},"2":{"line":35,"type":"if","locations":[{"start":{"line":35,"column":6},"end":{"line":35,"column":6}},{"start":{"line":35,"column":6},"end":{"line":35,"column":6}}]}}},"./src/web/kendo.backbone.model.js":{"path":"./src/web/kendo.backbone.model.js","s":{"1":1,"2":1,"3":1,"4":0,"5":0,"6":0,"7":0,"8":0,"9":0,"10":0,"11":1},"b":{"1":[0,0]},"f":{"1":1,"2":0,"3":0,"4":0},"fnMap":{"1":{"name":"(anonymous_1)","line":5,"loc":{"start":{"line":5,"column":1},"end":{"line":5,"column":13}}},"2":{"name":"wrapBackboneModel","line":8,"loc":{"start":{"line":8,"column":2},"end":{"line":8,"column":52}}},"3":{"name":"(anonymous_3)","line":11,"loc":{"start":{"line":11,"column":12},"end":{"line":11,"column":28}}},"4":{"name":"(anonymous_4)","line":19,"loc":{"start":{"line":19,"column":11},"end":{"line":19,"column":34}}}},"statementMap":{"1":{"start":{"line":5,"column":0},"end":{"line":28,"column":5}},"2":{"start":{"line":6,"column":2},"end":{"line":6,"column":31}},"3":{"start":{"line":8,"column":2},"end":{"line":25,"column":3}},"4":{"start":{"line":9,"column":4},"end":{"line":24,"column":7}},"5":{"start":{"line":12,"column":8},"end":{"line":14,"column":9}},"6":{"start":{"line":13,"column":10},"end":{"line":13,"column":43}},"7":{"start":{"line":16,"column":8},"end":{"line":16,"column":49}},"8":{"start":{"line":17,"column":8},"end":{"line":17,"column":30}},"9":{"start":{"line":20,"column":8},"end":{"line":20,"column":46}},"10":{"start":{"line":22,"column":8},"end":{"line":22,"column":40}},"11":{"start":{"line":27,"column":2},"end":{"line":27,"column":42}}},"branchMap":{"1":{"line":12,"type":"if","locations":[{"start":{"line":12,"column":8},"end":{"line":12,"column":8}},{"start":{"line":12,"column":8},"end":{"line":12,"column":8}}]}}}}